SmartUnitConverter/proguard/seeds.txt
dh.sunicon.MainActivity
dh.sunicon.MainActivity: MainActivity()
dh.sunicon.R$animator: int fadein
dh.sunicon.R$animator: int fadeout
dh.sunicon.R$array: int opt_currency_expiry_time
dh.sunicon.R$array: int opt_currency_live_update
dh.sunicon.R$array: int opt_currency_usd_only
dh.sunicon.R$array: int opt_input_delay
dh.sunicon.R$array: int opt_precision
dh.sunicon.R$array: int opt_precision_int
dh.sunicon.R$color: int blue
dh.sunicon.R$color: int category_fg
dh.sunicon.R$color: int light_gray
dh.sunicon.R$color: int light_gray2
dh.sunicon.R$color: int light_green
dh.sunicon.R$color: int light_red
dh.sunicon.R$color: int light_yellow
dh.sunicon.R$drawable: int droplist
dh.sunicon.R$drawable: int edittext_active
dh.sunicon.R$drawable: int edittext_blue_colorstate
dh.sunicon.R$drawable: int edittext_disabled
dh.sunicon.R$drawable: int ic_launcher
dh.sunicon.R$drawable: int ic_menu_gray
dh.sunicon.R$drawable: int ic_setting
dh.sunicon.R$drawable: int list_selector
dh.sunicon.R$drawable: int oval_blue
dh.sunicon.R$drawable: int tab_bg_selected
dh.sunicon.R$drawable: int tab_bg_selector
dh.sunicon.R$drawable: int tab_bg_unselected
dh.sunicon.R$drawable: int tab_divider
dh.sunicon.R$drawable: int tab_indicator_selector
dh.sunicon.R$drawable: int tab_text_selector
dh.sunicon.R$id: int backButton
dh.sunicon.R$id: int baseUnitPicker2Button
dh.sunicon.R$id: int baseUnitPickerButton
dh.sunicon.R$id: int baseValueSwitcher
dh.sunicon.R$id: int cancel
dh.sunicon.R$id: int categoryLabel
dh.sunicon.R$id: int categoryList
dh.sunicon.R$id: int check
dh.sunicon.R$id: int checkProgressSwitcher
dh.sunicon.R$id: int clearTargetUnitFilterButton
dh.sunicon.R$id: int converterTab
dh.sunicon.R$id: int copyUnitNameItem
dh.sunicon.R$id: int copyValueAndUnitItem
dh.sunicon.R$id: int copyValueItem
dh.sunicon.R$id: int currencyExpiryTime
dh.sunicon.R$id: int currencyLiveUpdateOption
dh.sunicon.R$id: int currencyLoadingLabel
dh.sunicon.R$id: int currencyLoadingProgressBar
dh.sunicon.R$id: int currencyUsdOnly
dh.sunicon.R$id: int explorerTab
dh.sunicon.R$id: int filterCategoryEditor
dh.sunicon.R$id: int filterEdit
dh.sunicon.R$id: int filterUnitEditor
dh.sunicon.R$id: int flatList
dh.sunicon.R$id: int inputDelay
dh.sunicon.R$id: int label
dh.sunicon.R$id: int listSwitcher
dh.sunicon.R$id: int listToggle
dh.sunicon.R$id: int mainView
dh.sunicon.R$id: int menu
dh.sunicon.R$id: int precision
dh.sunicon.R$id: int precisionInt
dh.sunicon.R$id: int progress
dh.sunicon.R$id: int progressbar
dh.sunicon.R$id: int resultListSwitcher
dh.sunicon.R$id: int selectAll
dh.sunicon.R$id: int selectCommuns
dh.sunicon.R$id: int selectCommunsOnly
dh.sunicon.R$id: int setUnitAsBaseItem
dh.sunicon.R$id: int settingTab
dh.sunicon.R$id: int spinnerLabelItem
dh.sunicon.R$layout: int category_check_item
dh.sunicon.R$layout: int category_item
dh.sunicon.R$layout: int category_item2
dh.sunicon.R$layout: int progressbar_item
dh.sunicon.R$layout: int report_dialog
dh.sunicon.R$layout: int spinner_item
dh.sunicon.R$layout: int sunicon_converter
dh.sunicon.R$layout: int sunicon_explorer
dh.sunicon.R$layout: int sunicon_main_tabhosts
dh.sunicon.R$layout: int sunicon_setting
dh.sunicon.R$layout: int tab_image_indicator
dh.sunicon.R$layout: int tab_label_indicator
dh.sunicon.R$layout: int unit_category_item
dh.sunicon.R$layout: int unit_check_item
dh.sunicon.R$layout: int unit_item
dh.sunicon.R$layout: int unit_item2
dh.sunicon.R$layout: int unit_picker2
dh.sunicon.R$layout: int unit_picker3
dh.sunicon.R$layout: int value_unit_item
dh.sunicon.R$menu: int explorer_contextmenu
dh.sunicon.R$menu: int result_list_contextmenu
dh.sunicon.R$string: int app_name
dh.sunicon.R$string: int explorer_warning_full
dh.sunicon.R$string: int explorer_warning_short
dh.sunicon.R$string: int menu_settings
dh.sunicon.R$string: int notice_setting
dh.sunicon.R$string: int title_activity_unit_picker
dh.sunicon.R$string: int title_activity_unit_picker2
...
com.google.common.cache.LocalCache$NullEntry: com.google.common.cache.LocalCache$NullEntry[] values()
com.google.common.cache.LocalCache$NullEntry: com.google.common.cache.LocalCache$NullEntry valueOf(java.lang.String)
com.google.common.cache.LocalCache$Strength: com.google.common.cache.LocalCache$Strength[] values()
com.google.common.cache.LocalCache$Strength: com.google.common.cache.LocalCache$Strength valueOf(java.lang.String)
com.google.common.cache.RemovalCause: com.google.common.cache.RemovalCause[] values()
com.google.common.cache.RemovalCause: com.google.common.cache.RemovalCause valueOf(java.lang.String)
com.google.common.collect.AbstractIterator$State: com.google.common.collect.AbstractIterator$State[] values()
com.google.common.collect.AbstractIterator$State: com.google.common.collect.AbstractIterator$State valueOf(java.lang.String)
com.google.common.collect.BoundType: com.google.common.collect.BoundType[] values()
com.google.common.collect.BoundType: com.google.common.collect.BoundType valueOf(java.lang.String)
com.google.common.collect.Constraints$NotNullConstraint: com.google.common.collect.Constraints$NotNullConstraint[] values()
com.google.common.collect.Constraints$NotNullConstraint: com.google.common.collect.Constraints$NotNullConstraint valueOf(java.lang.String)
com.google.common.collect.GenericMapMaker$NullListener: com.google.common.collect.GenericMapMaker$NullListener[] values()
com.google.common.collect.GenericMapMaker$NullListener: com.google.common.collect.GenericMapMaker$NullListener valueOf(java.lang.String)
com.google.common.collect.Interners$WeakInterner$Dummy: com.google.common.collect.Interners$WeakInterner$Dummy[] values()
com.google.common.collect.Interners$WeakInterner$Dummy: com.google.common.collect.Interners$WeakInterner$Dummy valueOf(java.lang.String)
com.google.common.collect.MapConstraints$NotNullMapConstraint: com.google.common.collect.MapConstraints$NotNullMapConstraint[] values()
com.google.common.collect.MapConstraints$NotNullMapConstraint: com.google.common.collect.MapConstraints$NotNullMapConstraint valueOf(java.lang.String)
com.google.common.collect.MapMaker$RemovalCause: com.google.common.collect.MapMaker$RemovalCause[] values()
com.google.common.collect.MapMaker$RemovalCause: com.google.common.collect.MapMaker$RemovalCause valueOf(java.lang.String)
com.google.common.collect.MapMakerInternalMap$EntryFactory: com.google.common.collect.MapMakerInternalMap$EntryFactory[] values()
com.google.common.collect.MapMakerInternalMap$EntryFactory: com.google.common.collect.MapMakerInternalMap$EntryFactory valueOf(java.lang.String)
com.google.common.collect.MapMakerInternalMap$NullEntry: com.google.common.collect.MapMakerInternalMap$NullEntry[] values()
com.google.common.collect.MapMakerInternalMap$NullEntry: com.google.common.collect.MapMakerInternalMap$NullEntry valueOf(java.lang.String)
com.google.common.collect.MapMakerInternalMap$Strength: com.google.common.collect.MapMakerInternalMap$Strength[] values()
com.google.common.collect.MapMakerInternalMap$Strength: com.google.common.collect.MapMakerInternalMap$Strength valueOf(java.lang.String)
com.google.common.collect.SortedLists$KeyAbsentBehavior: com.google.common.collect.SortedLists$KeyAbsentBehavior[] values()
com.google.common.collect.SortedLists$KeyAbsentBehavior: com.google.common.collect.SortedLists$KeyAbsentBehavior valueOf(java.lang.String)
com.google.common.collect.SortedLists$KeyPresentBehavior: com.google.common.collect.SortedLists$KeyPresentBehavior[] values()
com.google.common.collect.SortedLists$KeyPresentBehavior: com.google.common.collect.SortedLists$KeyPresentBehavior valueOf(java.lang.String)
com.google.common.collect.TreeMultiset$Aggregate: com.google.common.collect.TreeMultiset$Aggregate[] values()
com.google.common.collect.TreeMultiset$Aggregate: com.google.common.collect.TreeMultiset$Aggregate valueOf(java.lang.String)