SmartUnitConverter/proguard/mapping.txt
dh.sunicon.ConverterFragment -> dh.sunicon.a:
    java.lang.String TAG -> i
    dh.sunicon.datamodel.DatabaseHelper dbHelper_ -> W
    android.widget.TextView categoryLabel_ -> X
    android.widget.ViewSwitcher baseValueSwitcher_ -> Y
    android.widget.EditText baseValueEditor_ -> Z
    android.widget.Spinner baseValueSpinner_ -> aa
    android.widget.Button baseUnitPickerButton_ -> ab
    android.widget.Button baseUnitPicker2Button_ -> ac
    android.widget.EditText targetUnitFilterEditor_ -> ad
    android.widget.Button clearTargetUnitFilterButton_ -> ae
    android.widget.ViewSwitcher resultListSwitcher_ -> af
    dh.sunicon.ResultListAdapter resultListAdapter_ -> ag
    android.support.v4.widget.SimpleCursorAdapter baseValueSpinnerAdapter_ -> ah
    dh.sunicon.currency.CurrencyUpdater currencyUpdater_ -> ai
    android.view.View updateInProgressPanel_ -> aj
    android.widget.TextView currencyLoadingLabel_ -> ak
    android.widget.ProgressBar currencyLoadingProgressBar_ -> al
    int spinnerPositionToRestore_ -> am
    long baseUnitId_ -> an
    long categoryId_ -> ao
    dh.sunicon.UnitHistoryManager unitHistory_ -> ap
    android.os.Handler mainThread_ -> aq
    boolean strictMode_ -> ar
    android.content.SharedPreferences preferences_ -> as
    int precision_ -> at
    int precisionInt_ -> au
    int inputDelay_ -> av
    java.lang.CharSequence lastBaseValueTyping_ -> aw
    boolean isActivityRunning_ -> ax
dh.sunicon.ConverterFragment$1 -> dh.sunicon.b:
    java.lang.Runnable lastRunnable_ -> b
    dh.sunicon.ConverterFragment this$0 -> a
    358:358:void onTextChanged(java.lang.CharSequence,int,int,int) -> onTextChanged
    364:364:void beforeTextChanged(java.lang.CharSequence,int,int,int) -> beforeTextChanged
    371:416:void afterTextChanged(android.text.Editable) -> afterTextChanged
    350:350:dh.sunicon.ConverterFragment access$0(dh.sunicon.ConverterFragment$1) -> a
dh.sunicon.ConverterFragment$1$1 -> dh.sunicon.c:
    dh.sunicon.ConverterFragment$1 this$1 -> a
    android.text.Editable val$s -> b
    401:407:void run() -> run
dh.sunicon.ConverterFragment$10 -> dh.sunicon.d:
    dh.sunicon.ConverterFragment this$0 -> a
    667:682:void onClick(android.view.View) -> onClick
dh.sunicon.ConverterFragment$11 -> dh.sunicon.e:
    dh.sunicon.ConverterFragment this$0 -> a
    695:704:void onClick(android.content.DialogInterface,int) -> onClick
dh.sunicon.ConverterFragment$2 -> dh.sunicon.f:
    dh.sunicon.ConverterFragment this$0 -> a
    438:456:void onItemSelected(android.widget.AdapterView,android.view.View,int,long) -> onItemSelected
    461:461:void onNothingSelected(android.widget.AdapterView) -> onNothingSelected
dh.sunicon.ConverterFragment$3 -> dh.sunicon.g:
    dh.sunicon.ConverterFragment this$0 -> a
    475:476:void onClick(android.view.View) -> onClick
dh.sunicon.ConverterFragment$4 -> dh.sunicon.h:
    dh.sunicon.ConverterFragment this$0 -> a
    486:490:void onClick(android.view.View) -> onClick
dh.sunicon.ConverterFragment$5 -> dh.sunicon.i:
    java.lang.Runnable lastRunnable_ -> b
    dh.sunicon.ConverterFragment this$0 -> a
    505:505:void onTextChanged(java.lang.CharSequence,int,int,int) -> onTextChanged
    511:511:void beforeTextChanged(java.lang.CharSequence,int,int,int) -> beforeTextChanged
    518:560:void afterTextChanged(android.text.Editable) -> afterTextChanged
    498:498:dh.sunicon.ConverterFragment access$0(dh.sunicon.ConverterFragment$5) -> a
dh.sunicon.ConverterFragment$5$1 -> dh.sunicon.j:
    dh.sunicon.ConverterFragment$5 this$1 -> a
    android.text.Editable val$s -> b
    545:551:void run() -> run
dh.sunicon.ConverterFragment$6 -> dh.sunicon.k:
    dh.sunicon.ConverterFragment this$0 -> a
    570:583:void onFocusChange(android.view.View,boolean) -> onFocusChange
dh.sunicon.ConverterFragment$7 -> dh.sunicon.l:
    dh.sunicon.ConverterFragment this$0 -> a
    593:598:void onClick(android.view.View) -> onClick
...
android.support.v4.widget.SimpleCursorAdapter$ViewBinder -> android.support.v4.d.o:
    boolean setViewValue(android.view.View,android.database.Cursor,int) -> a
com.commonsware.cwac.loaderex.acl.AbstractCursorLoader -> com.a.a.a.a.a:
    android.database.Cursor lastCursor -> m
    android.database.Cursor buildCursor() -> u
    38:45:android.database.Cursor loadInBackground() -> v
    55:78:void deliverResult(android.database.Cursor) -> a
    91:97:void onStartLoading() -> k
    106:107:void onStopLoading() -> n
    116:119:void onCanceled(android.database.Cursor) -> b
    128:138:void onReset() -> r
    1:1:void onCanceled(java.lang.Object) -> a
    1:1:void deliverResult(java.lang.Object) -> b
    1:1:java.lang.Object loadInBackground() -> d
com.commonsware.cwac.loaderex.acl.ContentChangingTask -> com.a.a.a.a.b:
    android.support.v4.content.Loader loader -> a
    31:32:void onPostExecute(java.lang.Object) -> onPostExecute
com.commonsware.cwac.loaderex.acl.SQLiteCursorLoader -> com.a.a.a.a.c:
    android.database.sqlite.SQLiteOpenHelper db -> n
    java.lang.String rawQuery -> o
    java.lang.String[] args -> p
    58:63:android.database.Cursor buildCursor() -> u
    73:80:void dump(java.lang.String,java.io.FileDescriptor,java.io.PrintWriter,java.lang.String[]) -> a
    89:89:com.commonsware.cwac.loaderex.acl.ContentChangingTask update(java.lang.String,android.content.ContentValues,java.lang.String,java.lang.String[]) -> a
com.commonsware.cwac.loaderex.acl.SQLiteCursorLoader$UpdateTask -> com.a.a.a.a.d:
    com.commonsware.cwac.loaderex.acl.SQLiteCursorLoader this$0 -> a
    134:143:java.lang.Void doInBackground(java.lang.Object[]) -> a
    1:1:java.lang.Object doInBackground(java.lang.Object[]) -> doInBackground
com.google.common.base.Function -> com.google.common.base.a:
    java.lang.Object apply(java.lang.Object) -> a
com.google.common.base.Joiner -> com.google.common.base.b:
    java.lang.String separator -> a
    71:71:com.google.common.base.Joiner on(java.lang.String) -> a
    122:130:java.lang.Appendable appendTo(java.lang.Appendable,java.util.Iterator) -> a
    172:172:java.lang.StringBuilder appendTo(java.lang.StringBuilder,java.lang.Iterable) -> a
    184:188:java.lang.StringBuilder appendTo(java.lang.StringBuilder,java.util.Iterator) -> a
    197:197:java.lang.StringBuilder appendTo(java.lang.StringBuilder,java.lang.Object[]) -> a
    265:266:com.google.common.base.Joiner useForNull(java.lang.String) -> b
    328:328:com.google.common.base.Joiner$MapJoiner withKeyValueSeparator(java.lang.String) -> c
    538:539:java.lang.CharSequence toString(java.lang.Object) -> a
    66:66:java.lang.String access$100(com.google.common.base.Joiner) -> a
com.google.common.base.Joiner$1 -> com.google.common.base.c:
    java.lang.String val$nullText -> a
    com.google.common.base.Joiner this$0 -> b
    268:268:java.lang.CharSequence toString(java.lang.Object) -> a
    272:273:com.google.common.base.Joiner useForNull(java.lang.String) -> b
com.google.common.base.Joiner$MapJoiner -> com.google.common.base.d:
    com.google.common.base.Joiner joiner -> a
    java.lang.String keyValueSeparator -> b
    372:372:java.lang.StringBuilder appendTo(java.lang.StringBuilder,java.util.Map) -> a
    423:437:java.lang.Appendable appendTo(java.lang.Appendable,java.util.Iterator) -> a
    467:467:java.lang.StringBuilder appendTo(java.lang.StringBuilder,java.lang.Iterable) -> a
    480:484:java.lang.StringBuilder appendTo(java.lang.StringBuilder,java.util.Iterator) -> a
com.google.common.base.Objects -> com.google.common.base.e:
    58:58:boolean equal(java.lang.Object,java.lang.Object) -> a