SmartUnitConverter/proguard/usage.txt
dh.sunicon.BuildConfig
dh.sunicon.ConverterFragment:
    static final int VALUE_SPINNER_LOADER
    public static final int UNIT_PICKER_REQUEST
    1088:1088:public dh.sunicon.currency.CurrencyUpdater getCurrencyUpdater()
dh.sunicon.ExplorerFragment:
    protected static final java.lang.String TAG
dh.sunicon.MainActivity:
    public static final int DEFAULT_PRECISION
    public static final int DEFAULT_PRECISION_INT
    public static final int DEFAULT_INPUT_DELAY
    public static final boolean DEFAULT_CURRENCY_USD_ONLY
    public static final boolean DEFAULT_STRICTMODE
    public static final long DEFAULT_CURRENCY_EXPIRY_TIME
    public static final java.lang.String OPTNAME_CURRENCY_USD_ONLY
    public static final java.lang.String OPTNAME_CURRENCY_EXPIRY_TIME
    public static final java.lang.String OPTNAME_CURRENCY_LIVE_UPDATE
    public static final java.lang.String OPTNAME_PRECISION
    public static final java.lang.String OPTNAME_PRECISION_INT
    public static final java.lang.String OPTNAME_INPUT_DELAY
    public static final java.lang.String OPTNAME_STRICTMODE
    252:263:public static void simulateLongOperation(int,int)
dh.sunicon.R
dh.sunicon.R$animator
dh.sunicon.R$array
dh.sunicon.R$attr
dh.sunicon.R$color
dh.sunicon.R$drawable
dh.sunicon.R$id
dh.sunicon.R$layout
dh.sunicon.R$menu
dh.sunicon.R$string
dh.sunicon.R$style
dh.sunicon.ResultListAdapter:
    private static final int MAX_THREADS_CALCULATION
dh.sunicon.UnitPicker3:
    private static final int EVENT_DELAY
dh.sunicon.UnitsCursorAdapter:
    static final java.lang.String SELECT_HISTORY
    static final java.lang.String SELECT_QUERY_PART
    static final java.lang.String WHERE1_QUERY_PART
    static final java.lang.String WHERE2_QUERY_PART
    static final java.lang.String LIMIT_ORDER_QUERY_PART
    70:73:public UnitsCursorAdapter(android.content.Context,android.database.Cursor,dh.sunicon.datamodel.DatabaseHelper,int)
dh.sunicon.UnitsCursorSimpleTreeAdapter:
    static final java.lang.String SELECT_HISTORY
    static final java.lang.String SELECT_QUERY_PART
    static final java.lang.String WHERE1_QUERY_PART
    static final java.lang.String WHERE2_QUERY_PART
    static final java.lang.String LIMIT_ORDER_QUERY_PART
    static final java.lang.String CAT_SELECT_QUERY_PART
    static final java.lang.String CAT_WHERE1_QUERY_PART
    static final java.lang.String CAT_WHERE2_QUERY_PART
    static final java.lang.String CAT_LIMIT_ORDER_QUERY_PART
    86:95:public UnitsCursorSimpleTreeAdapter(android.content.Context,int,int,java.lang.String[],int[],int,java.lang.String[],int[])
    101:111:public UnitsCursorSimpleTreeAdapter(android.content.Context,int,int,java.lang.String[],int[],int,int,java.lang.String[],int[])
dh.sunicon.UnitsCursorTreeAdapter:
    static final java.lang.String SELECT_QUERY_PART
    static final java.lang.String WHERE1_QUERY_PART
    static final java.lang.String WHERE2_QUERY_PART
    static final java.lang.String LIMIT_ORDER_QUERY_PART
    static final java.lang.String CAT_SELECT_QUERY_PART
    static final java.lang.String CAT_WHERE1_QUERY_PART
    static final java.lang.String CAT_WHERE2_QUERY_PART
    static final java.lang.String CAT_LIMIT_ORDER_QUERY_PART
dh.sunicon.currency.SimpleUpdatingAgent:
    protected abstract java.lang.String getName()
dh.sunicon.currency.TmcAgent:
    31:32:public TmcAgent(android.app.Activity,dh.sunicon.datamodel.Unit,dh.sunicon.currency.UpdatingReport,android.os.AsyncTask,boolean)
dh.sunicon.currency.UpdatingAgent:
    private java.net.HttpURLConnection httpConnection_
    223:229:protected java.io.InputStream getStreamFromUrl2(java.lang.String)
    285:287:static void assertEqual(int,int)
    289:291:static void assertEqual(java.lang.String,java.lang.String)
...
com.google.common.collect.StandardTable$Row$1
com.google.common.collect.StandardTable$Row$RowEntrySet
com.google.common.collect.StandardTable$Row$RowEntrySet$1
com.google.common.collect.StandardTable$Row$RowEntrySet$1$1
com.google.common.collect.StandardTable$RowKeySet
com.google.common.collect.StandardTable$RowMap
com.google.common.collect.StandardTable$RowMap$EntrySet
com.google.common.collect.StandardTable$RowMap$EntrySet$1
com.google.common.collect.StandardTable$TableCollection
com.google.common.collect.StandardTable$TableSet
com.google.common.collect.StandardTable$Values
com.google.common.collect.StandardTable$Values$1
com.google.common.collect.Synchronized
com.google.common.collect.Synchronized$1
com.google.common.collect.Synchronized$SynchronizedAsMap
com.google.common.collect.Synchronized$SynchronizedAsMapEntries
com.google.common.collect.Synchronized$SynchronizedAsMapEntries$1
com.google.common.collect.Synchronized$SynchronizedAsMapEntries$1$1
com.google.common.collect.Synchronized$SynchronizedAsMapValues
com.google.common.collect.Synchronized$SynchronizedAsMapValues$1
com.google.common.collect.Synchronized$SynchronizedBiMap
com.google.common.collect.Synchronized$SynchronizedCollection
com.google.common.collect.Synchronized$SynchronizedEntry
com.google.common.collect.Synchronized$SynchronizedList
com.google.common.collect.Synchronized$SynchronizedListMultimap
com.google.common.collect.Synchronized$SynchronizedMap
com.google.common.collect.Synchronized$SynchronizedMultimap
com.google.common.collect.Synchronized$SynchronizedMultiset
com.google.common.collect.Synchronized$SynchronizedNavigableMap
com.google.common.collect.Synchronized$SynchronizedNavigableSet
com.google.common.collect.Synchronized$SynchronizedObject
com.google.common.collect.Synchronized$SynchronizedRandomAccessList
com.google.common.collect.Synchronized$SynchronizedSet
com.google.common.collect.Synchronized$SynchronizedSetMultimap
com.google.common.collect.Synchronized$SynchronizedSortedMap
com.google.common.collect.Synchronized$SynchronizedSortedSet
com.google.common.collect.Synchronized$SynchronizedSortedSetMultimap
com.google.common.collect.Table
com.google.common.collect.Table$Cell
com.google.common.collect.Tables
com.google.common.collect.Tables$1
com.google.common.collect.Tables$AbstractCell
com.google.common.collect.Tables$ImmutableCell
com.google.common.collect.Tables$TransformedTable
com.google.common.collect.Tables$TransformedTable$1
com.google.common.collect.Tables$TransformedTable$2
com.google.common.collect.Tables$TransformedTable$3
com.google.common.collect.Tables$TransformedTable$CellSet
com.google.common.collect.Tables$TransposeTable
com.google.common.collect.Tables$TransposeTable$1
com.google.common.collect.Tables$TransposeTable$CellSet
com.google.common.collect.Tables$UnmodifiableRowSortedMap
com.google.common.collect.Tables$UnmodifiableTable
com.google.common.collect.TransformedListIterator
com.google.common.collect.TreeBasedTable
com.google.common.collect.TreeBasedTable$1
com.google.common.collect.TreeBasedTable$2
com.google.common.collect.TreeBasedTable$Factory
com.google.common.collect.TreeBasedTable$TreeRow
com.google.common.collect.TreeMultimap
com.google.common.collect.TreeMultiset
com.google.common.collect.TreeMultiset$1
com.google.common.collect.TreeMultiset$2
com.google.common.collect.TreeMultiset$3
com.google.common.collect.TreeMultiset$4
com.google.common.collect.TreeMultiset$Aggregate
com.google.common.collect.TreeMultiset$Aggregate$1
com.google.common.collect.TreeMultiset$Aggregate$2
com.google.common.collect.TreeMultiset$AvlNode
com.google.common.collect.TreeMultiset$Reference
com.google.common.collect.TreeRangeSet
com.google.common.collect.TreeRangeSet$AsRanges
com.google.common.collect.UsingToStringOrdering
com.google.common.collect.WellBehavedMap
com.google.common.collect.WellBehavedMap$1
com.google.common.collect.WellBehavedMap$EntrySet
com.google.common.collect.WellBehavedMap$EntrySet$1